<?xml version="1.0" encoding="UTF-8"?>
<!-- Generated by org.testng.reporters.JUnitReportReporter -->
<testsuite hostname="DESKTOP-74MTSU9" name="cfgtest" tests="1" failures="0" timestamp="29 May 2019 15:07:09 GMT" time="0.008" errors="0">
  <testcase name="test" time="0.008" classname="cfgtest"/>
</testsuite> <!-- cfgtest -->
