<?xml version="1.0" encoding="UTF-8"?>
<!-- Generated by org.testng.reporters.JUnitReportReporter -->
<testsuite skipped="0" hostname="DESKTOP-74MTSU9" name="BoundaryTest" tests="31" failures="0" timestamp="31 mai 2019 21:03:47 GMT" time="0.169" errors="0">
  <testcase name="test" time="0.004" classname="BoundaryTest"/>
  <testcase name="test" time="0.006" classname="BoundaryTest"/>
  <testcase name="test" time="0.004" classname="BoundaryTest"/>
  <testcase name="test" time="0.004" classname="BoundaryTest"/>
  <testcase name="test" time="0.003" classname="BoundaryTest"/>
  <testcase name="test" time="0.005" classname="BoundaryTest"/>
  <testcase name="test" time="0.026" classname="BoundaryTest"/>
  <testcase name="test" time="0.003" classname="BoundaryTest"/>
  <testcase name="test" time="0.003" classname="BoundaryTest"/>
  <testcase name="test" time="0.002" classname="BoundaryTest"/>
  <testcase name="test" time="0.004" classname="BoundaryTest"/>
  <testcase name="test" time="0.003" classname="BoundaryTest"/>
  <testcase name="test" time="0.012" classname="BoundaryTest"/>
  <testcase name="test" time="0.005" classname="BoundaryTest"/>
  <testcase name="test" time="0.007" classname="BoundaryTest"/>
  <testcase name="test" time="0.009" classname="BoundaryTest"/>
  <testcase name="test" time="0.007" classname="BoundaryTest"/>
  <testcase name="test" time="0.004" classname="BoundaryTest"/>
  <testcase name="test" time="0.004" classname="BoundaryTest"/>
  <testcase name="test" time="0.005" classname="BoundaryTest"/>
  <testcase name="test" time="0.005" classname="BoundaryTest"/>
  <testcase name="test" time="0.002" classname="BoundaryTest"/>
  <testcase name="test" time="0.002" classname="BoundaryTest"/>
  <testcase name="test" time="0.006" classname="BoundaryTest"/>
  <testcase name="test" time="0.003" classname="BoundaryTest"/>
  <testcase name="test" time="0.004" classname="BoundaryTest"/>
  <testcase name="test" time="0.004" classname="BoundaryTest"/>
  <testcase name="test" time="0.004" classname="BoundaryTest"/>
  <testcase name="test" time="0.007" classname="BoundaryTest"/>
  <testcase name="test" time="0.008" classname="BoundaryTest"/>
  <testcase name="test" time="0.004" classname="BoundaryTest"/>
</testsuite> <!-- BoundaryTest -->
