<?xml version="1.0" encoding="UTF-8"?>
<!-- Generated by org.testng.reporters.JUnitReportReporter -->
<testsuite skipped="0" hostname="DESKTOP-74MTSU9" name="example2" tests="31" failures="0" timestamp="30 mai 2019 12:53:09 GMT" time="0.142" errors="0">
  <testcase name="test" time="0.003" classname="example2"/>
  <testcase name="test" time="0.003" classname="example2"/>
  <testcase name="test" time="0.004" classname="example2"/>
  <testcase name="test" time="0.002" classname="example2"/>
  <testcase name="test" time="0.003" classname="example2"/>
  <testcase name="test" time="0.003" classname="example2"/>
  <testcase name="test" time="0.023" classname="example2"/>
  <testcase name="test" time="0.004" classname="example2"/>
  <testcase name="test" time="0.004" classname="example2"/>
  <testcase name="test" time="0.002" classname="example2"/>
  <testcase name="test" time="0.004" classname="example2"/>
  <testcase name="test" time="0.002" classname="example2"/>
  <testcase name="test" time="0.008" classname="example2"/>
  <testcase name="test" time="0.004" classname="example2"/>
  <testcase name="test" time="0.007" classname="example2"/>
  <testcase name="test" time="0.008" classname="example2"/>
  <testcase name="test" time="0.006" classname="example2"/>
  <testcase name="test" time="0.004" classname="example2"/>
  <testcase name="test" time="0.004" classname="example2"/>
  <testcase name="test" time="0.005" classname="example2"/>
  <testcase name="test" time="0.004" classname="example2"/>
  <testcase name="test" time="0.002" classname="example2"/>
  <testcase name="test" time="0.001" classname="example2"/>
  <testcase name="test" time="0.007" classname="example2"/>
  <testcase name="test" time="0.003" classname="example2"/>
  <testcase name="test" time="0.003" classname="example2"/>
  <testcase name="test" time="0.003" classname="example2"/>
  <testcase name="test" time="0.005" classname="example2"/>
  <testcase name="test" time="0.004" classname="example2"/>
  <testcase name="test" time="0.004" classname="example2"/>
  <testcase name="test" time="0.003" classname="example2"/>
</testsuite> <!-- example2 -->
