<?xml version="1.0" encoding="UTF-8"?>
<!-- Generated by org.testng.reporters.JUnitReportReporter -->
<testsuite skipped="0" hostname="DESKTOP-74MTSU9" name="PartitioningTest" tests="9" failures="0" timestamp="31 mai 2019 21:02:09 GMT" time="0.076" errors="0">
  <testcase name="test" time="0.006" classname="PartitioningTest"/>
  <testcase name="test" time="0.010" classname="PartitioningTest"/>
  <testcase name="test" time="0.005" classname="PartitioningTest"/>
  <testcase name="test" time="0.007" classname="PartitioningTest"/>
  <testcase name="test" time="0.007" classname="PartitioningTest"/>
  <testcase name="test" time="0.007" classname="PartitioningTest"/>
  <testcase name="test" time="0.024" classname="PartitioningTest"/>
  <testcase name="test" time="0.006" classname="PartitioningTest"/>
  <testcase name="test" time="0.004" classname="PartitioningTest"/>
</testsuite> <!-- PartitioningTest -->
