<?xml version="1.0" encoding="UTF-8"?>
<!-- Generated by org.testng.reporters.JUnitReportReporter -->
<testsuite skipped="0" hostname="DESKTOP-74MTSU9" name="PartitioningTest" tests="9" failures="0" timestamp="31 mai 2019 09:23:55 GMT" time="0.055" errors="0">
  <testcase name="test" time="0.006" classname="PartitioningTest"/>
  <testcase name="test" time="0.013" classname="PartitioningTest"/>
  <testcase name="test" time="0.003" classname="PartitioningTest"/>
  <testcase name="test" time="0.007" classname="PartitioningTest"/>
  <testcase name="test" time="0.010" classname="PartitioningTest"/>
  <testcase name="test" time="0.006" classname="PartitioningTest"/>
  <testcase name="test" time="0.002" classname="PartitioningTest"/>
  <testcase name="test" time="0.004" classname="PartitioningTest"/>
  <testcase name="test" time="0.004" classname="PartitioningTest"/>
</testsuite> <!-- PartitioningTest -->
